[1210/171400.505:ERROR:process_memory_win.cc(73)] ReadMemory at 0x70f70000 of 64 bytes failed: Only part of a ReadProcessMemory or WriteProcessMemory request was completed. (0x12B)
[1210/171400.522:WARNING:pe_image_reader.cc(340)] could not read dos header from C:\WINDOWS\System32\SYSFER.DLL
[1210/171400.522:ERROR:process_memory_win.cc(73)] ReadMemory at 0x1f6a00507b0 of 72 bytes failed: Only part of a ReadProcessMemory or WriteProcessMemory request was completed. (0x12B)
[1210/171400.523:WARNING:pe_image_annotations_reader.cc(134)] could not read annotations list object in C:\Program Files (x86)\Google\Chrome\Application\78.0.3904.108\chrome_elf.dll
[1210/171400.523:ERROR:process_memory_win.cc(73)] ReadMemory at 0x7ff9cfce0000 of 64 bytes failed: Only part of a ReadProcessMemory or WriteProcessMemory request was completed. (0x12B)
[1210/171400.524:WARNING:pe_image_reader.cc(340)] could not read dos header from C:\Program Files (x86)\Google\Chrome\Application\78.0.3904.108\chrome_child.dll
[1210/171400.525:ERROR:process_memory_win.cc(73)] ReadMemory at 0x1f6a1ad0000 of 64 bytes failed: Only part of a ReadProcessMemory or WriteProcessMemory request was completed. (0x12B)
[1210/171400.525:WARNING:pe_image_reader.cc(340)] could not read dos header from C:\WINDOWS\System32\SHELL32.dll
[1210/171400.525:ERROR:process_memory_win.cc(73)] ReadMemory at 0x7ff73e6c0000 of 64 bytes failed: Only part of a ReadProcessMemory or WriteProcessMemory request was completed. (0x12B)
[1210/171400.525:WARNING:pe_image_reader.cc(340)] could not read dos header from C:\Program Files (x86)\Google\Chrome\Application\chrome.exe
[1210/171400.525:ERROR:process_memory_win.cc(73)] ReadMemory at 0x70f70000 of 64 bytes failed: Only part of a ReadProcessMemory or WriteProcessMemory request was completed. (0x12B)
[1210/171400.525:WARNING:pe_image_reader.cc(340)] could not read dos header from C:\WINDOWS\System32\SYSFER.DLL
[1210/171400.525:ERROR:process_memory_win.cc(73)] ReadMemory at 0x1f6a00507b0 of 72 bytes failed: Only part of a ReadProcessMemory or WriteProcessMemory request was completed. (0x12B)
[1210/171400.525:WARNING:pe_image_annotations_reader.cc(134)] could not read annotations list object in C:\Program Files (x86)\Google\Chrome\Application\78.0.3904.108\chrome_elf.dll
[1210/171400.525:ERROR:process_memory_win.cc(73)] ReadMemory at 0x7ff9cfce0000 of 64 bytes failed: Only part of a ReadProcessMemory or WriteProcessMemory request was completed. (0x12B)
[1210/171400.525:WARNING:pe_image_reader.cc(340)] could not read dos header from C:\Program Files (x86)\Google\Chrome\Application\78.0.3904.108\chrome_child.dll
[1210/171400.527:ERROR:process_memory_win.cc(73)] ReadMemory at 0x1f6a1ad0000 of 64 bytes failed: Only part of a ReadProcessMemory or WriteProcessMemory request was completed. (0x12B)
[1210/171400.527:WARNING:pe_image_reader.cc(340)] could not read dos header from C:\WINDOWS\System32\SHELL32.dll
[1210/171400.543:ERROR:process_memory_win.cc(73)] ReadMemory at 0x871be7000 of 102400 bytes failed: Only part of a ReadProcessMemory or WriteProcessMemory request was completed. (0x12B)
[1210/171400.543:ERROR:process_memory_win.cc(73)] ReadMemory at 0x8723fd000 of 12288 bytes failed: Only part of a ReadProcessMemory or WriteProcessMemory request was completed. (0x12B)
[1210/171400.543:ERROR:process_memory_win.cc(73)] ReadMemory at 0x872bf5000 of 45056 bytes failed: Only part of a ReadProcessMemory or WriteProcessMemory request was completed. (0x12B)
[1210/171400.543:ERROR:process_memory_win.cc(73)] ReadMemory at 0x8733fc000 of 16384 bytes failed: Only part of a ReadProcessMemory or WriteProcessMemory request was completed. (0x12B)
[1210/171400.545:ERROR:process_memory_win.cc(73)] ReadMemory at 0x873bfb000 of 20480 bytes failed: Only part of a ReadProcessMemory or WriteProcessMemory request was completed. (0x12B)
[1210/171400.545:ERROR:process_memory_win.cc(73)] ReadMemory at 0x8743fe000 of 8192 bytes failed: Only part of a ReadProcessMemory or WriteProcessMemory request was completed. (0x12B)
[1210/171400.545:ERROR:process_memory_win.cc(73)] ReadMemory at 0x874bfd000 of 12288 bytes failed: Only part of a ReadProcessMemory or WriteProcessMemory request was completed. (0x12B)
[1210/171400.545:ERROR:process_memory_win.cc(73)] ReadMemory at 0x8753fb000 of 20480 bytes failed: Only part of a ReadProcessMemory or WriteProcessMemory request was completed. (0x12B)
[1210/171400.545:ERROR:process_memory_win.cc(73)] ReadMemory at 0x875bf8000 of 32768 bytes failed: Only part of a ReadProcessMemory or WriteProcessMemory request was completed. (0x12B)
[1210/171400.545:ERROR:process_memory_win.cc(73)] ReadMemory at 0x8763fc000 of 16384 bytes failed: Only part of a ReadProcessMemory or WriteProcessMemory request was completed. (0x12B)
[1210/171400.546:ERROR:process_memory_win.cc(73)] ReadMemory at 0x876bfd000 of 12288 bytes failed: Only part of a ReadProcessMemory or WriteProcessMemory request was completed. (0x12B)
[1210/171400.546:ERROR:process_memory_win.cc(73)] ReadMemory at 0x8773f9000 of 28672 bytes failed: Only part of a ReadProcessMemory or WriteProcessMemory request was completed. (0x12B)
[1210/171400.546:ERROR:process_memory_win.cc(73)] ReadMemory at 0x877bf9000 of 28672 bytes failed: Only part of a ReadProcessMemory or WriteProcessMemory request was completed. (0x12B)
[1210/171400.546:ERROR:process_memory_win.cc(73)] ReadMemory at 0x8713a2000 of 852 bytes failed: Only part of a ReadProcessMemory or WriteProcessMemory request was completed. (0x12B)
[1210/171400.546:ERROR:process_memory_win.cc(73)] ReadMemory at 0x8713a3000 of 6024 bytes failed: Only part of a ReadProcessMemory or WriteProcessMemory request was completed. (0x12B)
[1210/171400.546:ERROR:process_memory_win.cc(73)] ReadMemory at 0x8713a5000 of 6024 bytes failed: Only part of a ReadProcessMemory or WriteProcessMemory request was completed. (0x12B)
[1210/171400.546:ERROR:process_memory_win.cc(73)] ReadMemory at 0x8713a7000 of 6024 bytes failed: Only part of a ReadProcessMemory or WriteProcessMemory request was completed. (0x12B)
[1210/171400.546:ERROR:process_memory_win.cc(73)] ReadMemory at 0x8713a9000 of 6024 bytes failed: Only part of a ReadProcessMemory or WriteProcessMemory request was completed. (0x12B)
[1210/171400.546:ERROR:process_memory_win.cc(73)] ReadMemory at 0x8713ab000 of 6024 bytes failed: Only part of a ReadProcessMemory or WriteProcessMemory request was completed. (0x12B)
[1210/171400.546:ERROR:process_memory_win.cc(73)] ReadMemory at 0x8713ad000 of 6024 bytes failed: Only part of a ReadProcessMemory or WriteProcessMemory request was completed. (0x12B)
[1210/171400.546:ERROR:process_memory_win.cc(73)] ReadMemory at 0x8713af000 of 6024 bytes failed: Only part of a ReadProcessMemory or WriteProcessMemory request was completed. (0x12B)
[1210/171400.546:ERROR:process_memory_win.cc(73)] ReadMemory at 0x8713b1000 of 6024 bytes failed: Only part of a ReadProcessMemory or WriteProcessMemory request was completed. (0x12B)
[1210/171400.546:ERROR:process_memory_win.cc(73)] ReadMemory at 0x8713b3000 of 6024 bytes failed: Only part of a ReadProcessMemory or WriteProcessMemory request was completed. (0x12B)
[1210/171400.547:ERROR:process_memory_win.cc(73)] ReadMemory at 0x8713b5000 of 6024 bytes failed: Only part of a ReadProcessMemory or WriteProcessMemory request was completed. (0x12B)
[1210/171400.547:ERROR:process_memory_win.cc(73)] ReadMemory at 0x8713b7000 of 6024 bytes failed: Only part of a ReadProcessMemory or WriteProcessMemory request was completed. (0x12B)
[1210/171400.547:ERROR:process_memory_win.cc(73)] ReadMemory at 0x8713b9000 of 6024 bytes failed: Only part of a ReadProcessMemory or WriteProcessMemory request was completed. (0x12B)
[1210/171400.547:ERROR:process_memory_win.cc(73)] ReadMemory at 0x8713bb000 of 6024 bytes failed: Only part of a ReadProcessMemory or WriteProcessMemory request was completed. (0x12B)
[1210/171400.547:ERROR:process_memory_win.cc(73)] ReadMemory at 0x1f69fe60fe0 of 4242 bytes failed: Only part of a ReadProcessMemory or WriteProcessMemory request was completed. (0x12B)
[1210/171400.548:ERROR:process_memory_win.cc(73)] ReadMemory at 0x1f69fe62080 of 1012 bytes failed: Only part of a ReadProcessMemory or WriteProcessMemory request was completed. (0x12B)
[1210/171400.548:ERROR:process_memory_win.cc(73)] ReadMemory at 0x1f69fe626c8 of 118 bytes failed: Only part of a ReadProcessMemory or WriteProcessMemory request was completed. (0x12B)
[1210/171400.548:ERROR:process_memory_win.cc(73)] ReadMemory at 0x1f69fe62740 of 1244 bytes failed: Only part of a ReadProcessMemory or WriteProcessMemory request was completed. (0x12B)
[1210/171400.548:ERROR:process_memory_win.cc(73)] ReadMemory at 0x1f69fe62c1e of 118 bytes failed: Only part of a ReadProcessMemory or WriteProcessMemory request was completed. (0x12B)
[1210/171400.548:ERROR:process_memory_win.cc(73)] ReadMemory at 0x1f69fe62c96 of 98 bytes failed: Only part of a ReadProcessMemory or WriteProcessMemory request was completed. (0x12B)
[1210/171400.548:ERROR:process_memory_win.cc(73)] ReadMemory at 0x1f69fe62d10 of 58 bytes failed: Only part of a ReadProcessMemory or WriteProcessMemory request was completed. (0x12B)
[1210/171400.548:ERROR:process_memory_win.cc(73)] ReadMemory at 0x1f69fe62e10 of 132 bytes failed: Only part of a ReadProcessMemory or WriteProcessMemory request was completed. (0x12B)
[1210/171400.548:ERROR:process_memory_win.cc(73)] ReadMemory at 0x1f69fe62fa0 of 132 bytes failed: Only part of a ReadProcessMemory or WriteProcessMemory request was completed. (0x12B)
[1210/171400.548:ERROR:process_memory_win.cc(73)] ReadMemory at 0x1f69fe63160 of 126 bytes failed: Only part of a ReadProcessMemory or WriteProcessMemory request was completed. (0x12B)
[1210/171400.549:ERROR:process_memory_win.cc(73)] ReadMemory at 0x1f69fe63540 of 132 bytes failed: Only part of a ReadProcessMemory or WriteProcessMemory request was completed. (0x12B)
[1210/171400.549:ERROR:process_memory_win.cc(73)] ReadMemory at 0x1f69fe636d0 of 64 bytes failed: Only part of a ReadProcessMemory or WriteProcessMemory request was completed. (0x12B)
[1210/171400.549:ERROR:process_memory_win.cc(73)] ReadMemory at 0x1f69fe63720 of 132 bytes failed: Only part of a ReadProcessMemory or WriteProcessMemory request was completed. (0x12B)
[1210/171400.551:ERROR:process_memory_win.cc(73)] ReadMemory at 0x1f69fe63850 of 132 bytes failed: Only part of a ReadProcessMemory or WriteProcessMemory request was completed. (0x12B)
[1210/171400.551:ERROR:process_memory_win.cc(73)] ReadMemory at 0x1f69fe63ad0 of 60 bytes failed: Only part of a ReadProcessMemory or WriteProcessMemory request was completed. (0x12B)
[1210/171400.551:ERROR:process_memory_win.cc(73)] ReadMemory at 0x1f69fe63b30 of 132 bytes failed: Only part of a ReadProcessMemory or WriteProcessMemory request was completed. (0x12B)
[1210/171400.551:ERROR:process_memory_win.cc(73)] ReadMemory at 0x1f69fe63cc0 of 68 bytes failed: Only part of a ReadProcessMemory or WriteProcessMemory request was completed. (0x12B)
[1210/171400.551:ERROR:process_memory_win.cc(73)] ReadMemory at 0x1f69fe64f90 of 132 bytes failed: Only part of a ReadProcessMemory or WriteProcessMemory request was completed. (0x12B)
[1210/171400.551:ERROR:process_memory_win.cc(73)] ReadMemory at 0x1f69fe650c0 of 158 bytes failed: Only part of a ReadProcessMemory or WriteProcessMemory request was completed. (0x12B)
[1210/171400.551:ERROR:process_memory_win.cc(73)] ReadMemory at 0x1f69fe651a0 of 132 bytes failed: Only part of a ReadProcessMemory or WriteProcessMemory request was completed. (0x12B)
[1210/171400.551:ERROR:process_memory_win.cc(73)] ReadMemory at 0x1f69fe65330 of 154 bytes failed: Only part of a ReadProcessMemory or WriteProcessMemory request was completed. (0x12B)
[1210/171400.551:ERROR:process_memory_win.cc(73)] ReadMemory at 0x1f69fe66120 of 62 bytes failed: Only part of a ReadProcessMemory or WriteProcessMemory request was completed. (0x12B)
[1210/171400.551:ERROR:process_memory_win.cc(73)] ReadMemory at 0x1f69fe66170 of 132 bytes failed: Only part of a ReadProcessMemory or WriteProcessMemory request was completed. (0x12B)
[1210/171400.551:ERROR:process_memory_win.cc(73)] ReadMemory at 0x1f69fe66310 of 60 bytes failed: Only part of a ReadProcessMemory or WriteProcessMemory request was completed. (0x12B)
[1210/171400.552:ERROR:process_memory_win.cc(73)] ReadMemory at 0x1f69fe66840 of 132 bytes failed: Only part of a ReadProcessMemory or WriteProcessMemory request was completed. (0x12B)
[1210/171400.552:ERROR:process_memory_win.cc(73)] ReadMemory at 0x1f69fe6be70 of 62 bytes failed: Only part of a ReadProcessMemory or WriteProcessMemory request was completed. (0x12B)
[1210/171400.552:ERROR:process_memory_win.cc(73)] ReadMemory at 0x1f69fe6c050 of 64 bytes failed: Only part of a ReadProcessMemory or WriteProcessMemory request was completed. (0x12B)
[1210/171400.552:ERROR:process_memory_win.cc(73)] ReadMemory at 0x1f69fe6c3c0 of 60 bytes failed: Only part of a ReadProcessMemory or WriteProcessMemory request was completed. (0x12B)
[1210/171400.552:ERROR:process_memory_win.cc(73)] ReadMemory at 0x1f69fe6c460 of 64 bytes failed: Only part of a ReadProcessMemory or WriteProcessMemory request was completed. (0x12B)
[1210/171400.552:ERROR:process_memory_win.cc(73)] ReadMemory at 0x1f69fe6c4b0 of 66 bytes failed: Only part of a ReadProcessMemory or WriteProcessMemory request was completed. (0x12B)
[1210/171400.552:ERROR:process_memory_win.cc(73)] ReadMemory at 0x1f69fe6dff0 of 132 bytes failed: Only part of a ReadProcessMemory or WriteProcessMemory request was completed. (0x12B)
[1210/171400.553:ERROR:process_memory_win.cc(73)] ReadMemory at 0x1f69fe6ea90 of 54 bytes failed: Only part of a ReadProcessMemory or WriteProcessMemory request was completed. (0x12B)
[1210/171400.553:ERROR:process_memory_win.cc(73)] ReadMemory at 0x1f69fe6f360 of 132 bytes failed: Only part of a ReadProcessMemory or WriteProcessMemory request was completed. (0x12B)
[1210/171400.553:ERROR:process_memory_win.cc(73)] ReadMemory at 0x1f69fe6f490 of 132 bytes failed: Only part of a ReadProcessMemory or WriteProcessMemory request was completed. (0x12B)
[1210/171400.553:ERROR:process_memory_win.cc(73)] ReadMemory at 0x1f69fe6f5c0 of 132 bytes failed: Only part of a ReadProcessMemory or WriteProcessMemory request was completed. (0x12B)
[1210/171400.553:ERROR:process_memory_win.cc(73)] ReadMemory at 0x1f69fe8ccb0 of 66 bytes failed: Only part of a ReadProcessMemory or WriteProcessMemory request was completed. (0x12B)
[1210/171400.553:ERROR:process_memory_win.cc(73)] ReadMemory at 0x1f69fe8cd00 of 64 bytes failed: Only part of a ReadProcessMemory or WriteProcessMemory request was completed. (0x12B)
[1210/171400.553:ERROR:process_memory_win.cc(73)] ReadMemory at 0x1f69fe8cda0 of 64 bytes failed: Only part of a ReadProcessMemory or WriteProcessMemory request was completed. (0x12B)
[1210/171400.553:ERROR:process_memory_win.cc(73)] ReadMemory at 0x1f69fe8cdf0 of 64 bytes failed: Only part of a ReadProcessMemory or WriteProcessMemory request was completed. (0x12B)
[1210/171400.553:ERROR:process_memory_win.cc(73)] ReadMemory at 0x1f69fe8cf30 of 60 bytes failed: Only part of a ReadProcessMemory or WriteProcessMemory request was completed. (0x12B)
[1210/171400.553:ERROR:process_memory_win.cc(73)] ReadMemory at 0x1f69fe8d2a0 of 60 bytes failed: Only part of a ReadProcessMemory or WriteProcessMemory request was completed. (0x12B)
[1210/171400.553:ERROR:process_memory_win.cc(73)] ReadMemory at 0x1f69fe8d2f0 of 62 bytes failed: Only part of a ReadProcessMemory or WriteProcessMemory request was completed. (0x12B)
[1210/171400.553:ERROR:process_memory_win.cc(73)] ReadMemory at 0x1f69fe8d390 of 62 bytes failed: Only part of a ReadProcessMemory or WriteProcessMemory request was completed. (0x12B)
[1210/171400.553:ERROR:process_memory_win.cc(73)] ReadMemory at 0x1f69fe8d3e0 of 62 bytes failed: Only part of a ReadProcessMemory or WriteProcessMemory request was completed. (0x12B)
[1210/171400.553:ERROR:process_memory_win.cc(73)] ReadMemory at 0x1f69fe8d480 of 64 bytes failed: Only part of a ReadProcessMemory or WriteProcessMemory request was completed. (0x12B)
[1210/171400.553:ERROR:process_memory_win.cc(73)] ReadMemory at 0x1f69fe8d520 of 58 bytes failed: Only part of a ReadProcessMemory or WriteProcessMemory request was completed. (0x12B)
[1210/171400.553:ERROR:process_memory_win.cc(73)] ReadMemory at 0x1f69fe8d570 of 62 bytes failed: Only part of a ReadProcessMemory or WriteProcessMemory request was completed. (0x12B)
[1210/171400.554:ERROR:process_memory_win.cc(73)] ReadMemory at 0x1f69fe8d700 of 64 bytes failed: Only part of a ReadProcessMemory or WriteProcessMemory request was completed. (0x12B)
[1210/171400.554:ERROR:process_memory_win.cc(73)] ReadMemory at 0x1f69fe8d750 of 60 bytes failed: Only part of a ReadProcessMemory or WriteProcessMemory request was completed. (0x12B)
[1210/171400.554:ERROR:process_memory_win.cc(73)] ReadMemory at 0x1f69fe8d7a0 of 62 bytes failed: Only part of a ReadProcessMemory or WriteProcessMemory request was completed. (0x12B)
[1210/171400.554:ERROR:process_memory_win.cc(73)] ReadMemory at 0x1f69fe8d840 of 62 bytes failed: Only part of a ReadProcessMemory or WriteProcessMemory request was completed. (0x12B)
[1210/171400.554:ERROR:process_memory_win.cc(73)] ReadMemory at 0x1f69fe8d890 of 64 bytes failed: Only part of a ReadProcessMemory or WriteProcessMemory request was completed. (0x12B)
[1210/171400.554:ERROR:process_memory_win.cc(73)] ReadMemory at 0x1f69fe8d980 of 60 bytes failed: Only part of a ReadProcessMemory or WriteProcessMemory request was completed. (0x12B)
[1210/171400.554:ERROR:process_memory_win.cc(73)] ReadMemory at 0x1f69fe8d9d0 of 62 bytes failed: Only part of a ReadProcessMemory or WriteProcessMemory request was completed. (0x12B)
[1210/171400.554:ERROR:process_memory_win.cc(73)] ReadMemory at 0x1f69fe8da70 of 60 bytes failed: Only part of a ReadProcessMemory or WriteProcessMemory request was completed. (0x12B)
[1210/171400.554:ERROR:process_memory_win.cc(73)] ReadMemory at 0x1f69fe8dac0 of 62 bytes failed: Only part of a ReadProcessMemory or WriteProcessMemory request was completed. (0x12B)
[1210/171400.554:ERROR:process_memory_win.cc(73)] ReadMemory at 0x1f69fe8db60 of 62 bytes failed: Only part of a ReadProcessMemory or WriteProcessMemory request was completed. (0x12B)
[1210/171400.554:ERROR:process_memory_win.cc(73)] ReadMemory at 0x1f69fe8e7b0 of 132 bytes failed: Only part of a ReadProcessMemory or WriteProcessMemory request was completed. (0x12B)
[1210/171400.554:ERROR:process_memory_win.cc(73)] ReadMemory at 0x1f69fe8fd70 of 132 bytes failed: Only part of a ReadProcessMemory or WriteProcessMemory request was completed. (0x12B)
[1210/171400.554:ERROR:process_memory_win.cc(73)] ReadMemory at 0x1f69fe8ffa0 of 132 bytes failed: Only part of a ReadProcessMemory or WriteProcessMemory request was completed. (0x12B)
[1210/171400.555:ERROR:process_memory_win.cc(73)] ReadMemory at 0x1f69fe9159c of 512 bytes failed: Only part of a ReadProcessMemory or WriteProcessMemory request was completed. (0x12B)
[1210/171400.555:ERROR:process_memory_win.cc(73)] ReadMemory at 0x1f69fe91ca0 of 80 bytes failed: Only part of a ReadProcessMemory or WriteProcessMemory request was completed. (0x12B)
[1210/171400.555:ERROR:process_memory_win.cc(73)] ReadMemory at 0x1f69fe97000 of 132 bytes failed: Only part of a ReadProcessMemory or WriteProcessMemory request was completed. (0x12B)
[1210/171400.555:ERROR:process_memory_win.cc(73)] ReadMemory at 0x1f69fe97130 of 132 bytes failed: Only part of a ReadProcessMemory or WriteProcessMemory request was completed. (0x12B)
[1210/171400.555:ERROR:process_memory_win.cc(73)] ReadMemory at 0x1f69fe97260 of 132 bytes failed: Only part of a ReadProcessMemory or WriteProcessMemory request was completed. (0x12B)
[1210/171400.555:ERROR:process_memory_win.cc(73)] ReadMemory at 0x1f69fe97390 of 132 bytes failed: Only part of a ReadProcessMemory or WriteProcessMemory request was completed. (0x12B)
[1210/171400.555:ERROR:process_memory_win.cc(73)] ReadMemory at 0x1f69fe974c0 of 132 bytes failed: Only part of a ReadProcessMemory or WriteProcessMemory request was completed. (0x12B)
[1210/171400.555:ERROR:process_memory_win.cc(73)] ReadMemory at 0x1f69fe975f0 of 132 bytes failed: Only part of a ReadProcessMemory or WriteProcessMemory request was completed. (0x12B)
[1210/171400.555:ERROR:process_memory_win.cc(73)] ReadMemory at 0x1f69fe97720 of 132 bytes failed: Only part of a ReadProcessMemory or WriteProcessMemory request was completed. (0x12B)
[1210/171400.555:ERROR:process_memory_win.cc(73)] ReadMemory at 0x1f69fe97850 of 132 bytes failed: Only part of a ReadProcessMemory or WriteProcessMemory request was completed. (0x12B)
[1210/171400.555:ERROR:process_memory_win.cc(73)] ReadMemory at 0x1f69fe97980 of 132 bytes failed: Only part of a ReadProcessMemory or WriteProcessMemory request was completed. (0x12B)
[1210/171400.555:ERROR:process_memory_win.cc(73)] ReadMemory at 0x1f69fe97ab0 of 132 bytes failed: Only part of a ReadProcessMemory or WriteProcessMemory request was completed. (0x12B)
[1210/171400.555:ERROR:process_memory_win.cc(73)] ReadMemory at 0x1f69fe97be0 of 132 bytes failed: Only part of a ReadProcessMemory or WriteProcessMemory request was completed. (0x12B)
[1210/171400.556:ERROR:process_memory_win.cc(73)] ReadMemory at 0x1f69fe97d10 of 132 bytes failed: Only part of a ReadProcessMemory or WriteProcessMemory request was completed. (0x12B)
[1210/171400.556:ERROR:process_memory_win.cc(73)] ReadMemory at 0x1f69fe98300 of 78 bytes failed: Only part of a ReadProcessMemory or WriteProcessMemory request was completed. (0x12B)
[1210/171400.556:ERROR:process_memory_win.cc(73)] ReadMemory at 0x1f69fe98540 of 76 bytes failed: Only part of a ReadProcessMemory or WriteProcessMemory request was completed. (0x12B)
[1210/171400.556:ERROR:process_memory_win.cc(73)] ReadMemory at 0x1f69fe98ef0 of 132 bytes failed: Only part of a ReadProcessMemory or WriteProcessMemory request was completed. (0x12B)
[1210/171400.556:ERROR:process_memory_win.cc(73)] ReadMemory at 0x1f69fe99150 of 132 bytes failed: Only part of a ReadProcessMemory or WriteProcessMemory request was completed. (0x12B)
[1210/171400.556:ERROR:process_memory_win.cc(73)] ReadMemory at 0x1f69fe99280 of 132 bytes failed: Only part of a ReadProcessMemory or WriteProcessMemory request was completed. (0x12B)
[1210/171400.556:ERROR:process_memory_win.cc(73)] ReadMemory at 0x1f69fe993b0 of 132 bytes failed: Only part of a ReadProcessMemory or WriteProcessMemory request was completed. (0x12B)
[1210/171400.556:ERROR:process_memory_win.cc(73)] ReadMemory at 0x1f69fe994e0 of 132 bytes failed: Only part of a ReadProcessMemory or WriteProcessMemory request was completed. (0x12B)
[1210/171400.556:ERROR:process_memory_win.cc(73)] ReadMemory at 0x1f69fe99610 of 132 bytes failed: Only part of a ReadProcessMemory or WriteProcessMemory request was completed. (0x12B)
[1210/171400.556:ERROR:process_memory_win.cc(73)] ReadMemory at 0x1f69fe99740 of 132 bytes failed: Only part of a ReadProcessMemory or WriteProcessMemory request was completed. (0x12B)
[1210/171400.556:ERROR:process_memory_win.cc(73)] ReadMemory at 0x1f69fe999a0 of 132 bytes failed: Only part of a ReadProcessMemory or WriteProcessMemory request was completed. (0x12B)
[1210/171400.556:ERROR:process_memory_win.cc(73)] ReadMemory at 0x1f69fe99e60 of 132 bytes failed: Only part of a ReadProcessMemory or WriteProcessMemory request was completed. (0x12B)
[1210/171400.557:ERROR:process_memory_win.cc(73)] ReadMemory at 0x1f69fe99f90 of 132 bytes failed: Only part of a ReadProcessMemory or WriteProcessMemory request was completed. (0x12B)
[1210/171400.557:ERROR:process_memory_win.cc(73)] ReadMemory at 0x1f69fe9a0c0 of 132 bytes failed: Only part of a ReadProcessMemory or WriteProcessMemory request was completed. (0x12B)
[1210/171400.557:ERROR:process_memory_win.cc(73)] ReadMemory at 0x1f69fe9a1f0 of 132 bytes failed: Only part of a ReadProcessMemory or WriteProcessMemory request was completed. (0x12B)
[1210/171400.557:ERROR:process_memory_win.cc(73)] ReadMemory at 0x1f69fe9a320 of 132 bytes failed: Only part of a ReadProcessMemory or WriteProcessMemory request was completed. (0x12B)
[1210/171400.558:ERROR:process_memory_win.cc(73)] ReadMemory at 0x1f69fe9a450 of 132 bytes failed: Only part of a ReadProcessMemory or WriteProcessMemory request was completed. (0x12B)
[1210/171400.558:ERROR:process_memory_win.cc(73)] ReadMemory at 0x1f69fe9a580 of 132 bytes failed: Only part of a ReadProcessMemory or WriteProcessMemory request was completed. (0x12B)
[1210/171400.558:ERROR:process_memory_win.cc(73)] ReadMemory at 0x1f69fe9a6b0 of 132 bytes failed: Only part of a ReadProcessMemory or WriteProcessMemory request was completed. (0x12B)
[1210/171400.558:ERROR:process_memory_win.cc(73)] ReadMemory at 0x1f69fe9a7e0 of 132 bytes failed: Only part of a ReadProcessMemory or WriteProcessMemory request was completed. (0x12B)
[1210/171400.558:ERROR:process_memory_win.cc(73)] ReadMemory at 0x1f69fe9a910 of 132 bytes failed: Only part of a ReadProcessMemory or WriteProcessMemory request was completed. (0x12B)
[1210/171400.558:ERROR:process_memory_win.cc(73)] ReadMemory at 0x1f69fe9aa40 of 132 bytes failed: Only part of a ReadProcessMemory or WriteProcessMemory request was completed. (0x12B)
[1210/171400.558:ERROR:process_memory_win.cc(73)] ReadMemory at 0x1f69fe9ab70 of 132 bytes failed: Only part of a ReadProcessMemory or WriteProcessMemory request was completed. (0x12B)
[1210/171400.558:ERROR:process_memory_win.cc(73)] ReadMemory at 0x1f69fe9aca0 of 132 bytes failed: Only part of a ReadProcessMemory or WriteProcessMemory request was completed. (0x12B)
[1210/171400.558:ERROR:process_memory_win.cc(73)] ReadMemory at 0x1f69fea6ba0 of 58 bytes failed: Only part of a ReadProcessMemory or WriteProcessMemory request was completed. (0x12B)
[1210/171400.558:ERROR:process_memory_win.cc(73)] ReadMemory at 0x1f69fea70f0 of 58 bytes failed: Only part of a ReadProcessMemory or WriteProcessMemory request was completed. (0x12B)
[1210/171400.558:ERROR:process_memory_win.cc(73)] ReadMemory at 0x1f69fea7280 of 62 bytes failed: Only part of a ReadProcessMemory or WriteProcessMemory request was completed. (0x12B)
[1210/171400.558:ERROR:process_memory_win.cc(73)] ReadMemory at 0x1f69fea7320 of 64 bytes failed: Only part of a ReadProcessMemory or WriteProcessMemory request was completed. (0x12B)
[1210/171400.558:ERROR:process_memory_win.cc(73)] ReadMemory at 0x1f69fea7410 of 66 bytes failed: Only part of a ReadProcessMemory or WriteProcessMemory request was completed. (0x12B)
[1210/171400.558:ERROR:process_memory_win.cc(73)] ReadMemory at 0x1f69fea7500 of 60 bytes failed: Only part of a ReadProcessMemory or WriteProcessMemory request was completed. (0x12B)
[1210/171400.558:ERROR:process_memory_win.cc(73)] ReadMemory at 0x1f69fea7730 of 62 bytes failed: Only part of a ReadProcessMemory or WriteProcessMemory request was completed. (0x12B)
[1210/171400.558:ERROR:process_memory_win.cc(73)] ReadMemory at 0x1f69fea7820 of 60 bytes failed: Only part of a ReadProcessMemory or WriteProcessMemory request was completed. (0x12B)
[1210/171400.558:ERROR:process_memory_win.cc(73)] ReadMemory at 0x1f69fea7910 of 62 bytes failed: Only part of a ReadProcessMemory or WriteProcessMemory request was completed. (0x12B)
[1210/171400.558:ERROR:process_memory_win.cc(73)] ReadMemory at 0x1f69fea79b0 of 58 bytes failed: Only part of a ReadProcessMemory or WriteProcessMemory request was completed. (0x12B)
[1210/171400.559:ERROR:process_memory_win.cc(73)] ReadMemory at 0x1f69feb6d30 of 512 bytes failed: Only part of a ReadProcessMemory or WriteProcessMemory request was completed. (0x12B)
[1210/171400.559:ERROR:process_memory_win.cc(73)] ReadMemory at 0x1f69febf150 of 512 bytes failed: Only part of a ReadProcessMemory or WriteProcessMemory request was completed. (0x12B)
[1210/171400.559:ERROR:process_memory_win.cc(73)] ReadMemory at 0x1f6a0020c40 of 704 bytes failed: Only part of a ReadProcessMemory or WriteProcessMemory request was completed. (0x12B)
[1210/171400.559:ERROR:process_memory_win.cc(73)] ReadMemory at 0x1f6a01085e0 of 608 bytes failed: Only part of a ReadProcessMemory or WriteProcessMemory request was completed. (0x12B)
[1210/171400.559:ERROR:process_memory_win.cc(73)] ReadMemory at 0x1f6a0115c30 of 512 bytes failed: Only part of a ReadProcessMemory or WriteProcessMemory request was completed. (0x12B)
[1210/171400.559:ERROR:process_memory_win.cc(73)] ReadMemory at 0x1f6a011d180 of 512 bytes failed: Only part of a ReadProcessMemory or WriteProcessMemory request was completed. (0x12B)
[1210/171400.559:ERROR:process_memory_win.cc(73)] ReadMemory at 0x1f6a011f3a0 of 512 bytes failed: Only part of a ReadProcessMemory or WriteProcessMemory request was completed. (0x12B)
[1210/171400.559:ERROR:process_memory_win.cc(73)] ReadMemory at 0x1f6a0126ee0 of 712 bytes failed: Only part of a ReadProcessMemory or WriteProcessMemory request was completed. (0x12B)
[1210/171400.559:ERROR:process_memory_win.cc(73)] ReadMemory at 0x1f6a012d370 of 512 bytes failed: Only part of a ReadProcessMemory or WriteProcessMemory request was completed. (0x12B)
[1210/171400.559:ERROR:process_memory_win.cc(73)] ReadMemory at 0x1f6a284b1c8 of 512 bytes failed: Only part of a ReadProcessMemory or WriteProcessMemory request was completed. (0x12B)
[1210/171400.559:ERROR:process_memory_win.cc(73)] ReadMemory at 0x1f6a284cea8 of 512 bytes failed: Only part of a ReadProcessMemory or WriteProcessMemory request was completed. (0x12B)
[1210/171400.559:ERROR:process_memory_win.cc(73)] ReadMemory at 0x1f6a284e1c8 of 512 bytes failed: Only part of a ReadProcessMemory or WriteProcessMemory request was completed. (0x12B)
[1210/171400.560:ERROR:process_memory_win.cc(73)] ReadMemory at 0x1f6a2868160 of 512 bytes failed: Only part of a ReadProcessMemory or WriteProcessMemory request was completed. (0x12B)
[1210/171400.560:ERROR:process_memory_win.cc(73)] ReadMemory at 0x1f6a286e950 of 528 bytes failed: Only part of a ReadProcessMemory or WriteProcessMemory request was completed. (0x12B)
[1210/171400.560:ERROR:process_memory_win.cc(73)] ReadMemory at 0x1f6a2872b40 of 512 bytes failed: Only part of a ReadProcessMemory or WriteProcessMemory request was completed. (0x12B)
[1210/171400.560:ERROR:process_memory_win.cc(73)] ReadMemory at 0x1f6a2880f40 of 512 bytes failed: Only part of a ReadProcessMemory or WriteProcessMemory request was completed. (0x12B)
[1210/171400.560:ERROR:process_memory_win.cc(73)] ReadMemory at 0x1f6a2881ba0 of 512 bytes failed: Only part of a ReadProcessMemory or WriteProcessMemory request was completed. (0x12B)
[1210/171400.560:ERROR:process_memory_win.cc(73)] ReadMemory at 0x1f6a28b5050 of 512 bytes failed: Only part of a ReadProcessMemory or WriteProcessMemory request was completed. (0x12B)
[1210/171400.560:ERROR:process_memory_win.cc(73)] ReadMemory at 0x1f6a291dee8 of 512 bytes failed: Only part of a ReadProcessMemory or WriteProcessMemory request was completed. (0x12B)
[1210/171400.560:ERROR:process_memory_win.cc(73)] ReadMemory at 0x1f6a29ba5e0 of 512 bytes failed: Only part of a ReadProcessMemory or WriteProcessMemory request was completed. (0x12B)
[1210/171400.560:ERROR:process_memory_win.cc(73)] ReadMemory at 0x1f6a29bd110 of 512 bytes failed: Only part of a ReadProcessMemory or WriteProcessMemory request was completed. (0x12B)
[1210/171400.560:ERROR:process_memory_win.cc(73)] ReadMemory at 0x1f6a32d5990 of 512 bytes failed: Only part of a ReadProcessMemory or WriteProcessMemory request was completed. (0x12B)
[1210/171400.560:ERROR:process_memory_win.cc(73)] ReadMemory at 0x1f6a4d70960 of 528 bytes failed: Only part of a ReadProcessMemory or WriteProcessMemory request was completed. (0x12B)
[1210/171400.560:ERROR:process_memory_win.cc(73)] ReadMemory at 0x1f6a4d935b8 of 512 bytes failed: Only part of a ReadProcessMemory or WriteProcessMemory request was completed. (0x12B)
[1210/171400.560:ERROR:process_memory_win.cc(73)] ReadMemory at 0x1f6a4ea8970 of 520 bytes failed: Only part of a ReadProcessMemory or WriteProcessMemory request was completed. (0x12B)
[1210/171400.560:ERROR:process_memory_win.cc(73)] ReadMemory at 0x64b84d17ff80 of 512 bytes failed: Only part of a ReadProcessMemory or WriteProcessMemory request was completed. (0x12B)
[1210/171400.560:ERROR:process_memory_win.cc(73)] ReadMemory at 0x64b84d4c7f80 of 512 bytes failed: Only part of a ReadProcessMemory or WriteProcessMemory request was completed. (0x12B)
[1210/171400.560:ERROR:process_memory_win.cc(73)] ReadMemory at 0x64b84d597f80 of 128 bytes failed: Only part of a ReadProcessMemory or WriteProcessMemory request was completed. (0x12B)
[1210/171400.560:ERROR:process_memory_win.cc(73)] ReadMemory at 0x64b84d628000 of 384 bytes failed: Only part of a ReadProcessMemory or WriteProcessMemory request was completed. (0x12B)
[1210/171400.560:ERROR:process_memory_win.cc(73)] ReadMemory at 0x7ff9cfd1efb8 of 512 bytes failed: Only part of a ReadProcessMemory or WriteProcessMemory request was completed. (0x12B)
[1210/171400.560:ERROR:process_memory_win.cc(73)] ReadMemory at 0x7ff9d176c62c of 512 bytes failed: Only part of a ReadProcessMemory or WriteProcessMemory request was completed. (0x12B)
[1210/171400.560:ERROR:process_memory_win.cc(73)] ReadMemory at 0x7ff9d424b3f6 of 512 bytes failed: Only part of a ReadProcessMemory or WriteProcessMemory request was completed. (0x12B)
[1210/171400.562:ERROR:process_memory_win.cc(73)] ReadMemory at 0x7ff9d432931a of 512 bytes failed: Only part of a ReadProcessMemory or WriteProcessMemory request was completed. (0x12B)
[1210/171400.562:ERROR:process_memory_win.cc(73)] ReadMemory at 0x7ff9d4724260 of 512 bytes failed: Only part of a ReadProcessMemory or WriteProcessMemory request was completed. (0x12B)
[1210/171400.562:ERROR:process_memory_win.cc(73)] ReadMemory at 0x7ffa1d34a7b9 of 512 bytes failed: Only part of a ReadProcessMemory or WriteProcessMemory request was completed. (0x12B)
[1210/171400.562:ERROR:process_memory_win.cc(73)] ReadMemory at 0x7ffa1d57b6d0 of 512 bytes failed: Only part of a ReadProcessMemory or WriteProcessMemory request was completed. (0x12B)
[1210/171400.562:ERROR:process_memory_win.cc(73)] ReadMemory at 0x7ffa1fddc0c4 of 512 bytes failed: Only part of a ReadProcessMemory or WriteProcessMemory request was completed. (0x12B)
[1210/171400.562:ERROR:process_memory_win.cc(73)] ReadMemory at 0x7ffa1fddc6c4 of 512 bytes failed: Only part of a ReadProcessMemory or WriteProcessMemory request was completed. (0x12B)
[1210/171400.562:ERROR:process_memory_win.cc(73)] ReadMemory at 0x7ffa1fddf974 of 608 bytes failed: Only part of a ReadProcessMemory or WriteProcessMemory request was completed. (0x12B)
[1210/171400.562:ERROR:process_memory_win.cc(73)] ReadMemory at 0x7ffa1fe6c428 of 18 bytes failed: Only part of a ReadProcessMemory or WriteProcessMemory request was completed. (0x12B)
[1210/171400.562:ERROR:process_memory_win.cc(73)] ReadMemory at 0x7ffa1fe9f4f8 of 40 bytes failed: Only part of a ReadProcessMemory or WriteProcessMemory request was completed. (0x12B)
[1210/171400.562:ERROR:process_memory_win.cc(73)] ReadMemory at 0x7ffa1fe9f978 of 48 bytes failed: Only part of a ReadProcessMemory or WriteProcessMemory request was completed. (0x12B)
[1210/171400.562:ERROR:process_memory_win.cc(73)] ReadMemory at 0x7ffa1fea53c0 of 64 bytes failed: Only part of a ReadProcessMemory or WriteProcessMemory request was completed. (0x12B)
[1210/171400.566:ERROR:scoped_process_suspend.cc(40)] NtResumeProcess: An attempt was made to access an exiting process. (0xc000010a)
